<?xml version="1.0" encoding="UTF-8"?>
<!-- Generated by org.testng.reporters.JUnitReportReporter -->
<testsuite hostname="DESKTOP-UUTENFS" failures="0" tests="1" name="com.artoftesting.test.WeatherShopperTest" time="3.569" errors="0" timestamp="2023-07-08T23:15:04 IST" skipped="0">
  <testcase classname="com.artoftesting.test.WeatherShopperTest" name="shopProductsBasedOnTemperatureTest" time="3.569"/>
</testsuite> <!-- com.artoftesting.test.WeatherShopperTest -->
