<?xml version="1.0" encoding="UTF-8"?>
<!-- Generated by org.testng.reporters.JUnitReportReporter -->
<testsuite hostname="DESKTOP-UUTENFS" failures="0" tests="3" name="com.artoftesting.test.SearchFlightsTest" time="22.142" errors="0" timestamp="2023-08-09T00:45:24 IST" skipped="0">
  <testcase classname="com.artoftesting.test.SearchFlightsTest" name="verifyNoFlightsFound" time="6.167"/>
  <testcase classname="com.artoftesting.test.SearchFlightsTest" name="searchFlights" time="7.453"/>
  <testcase classname="com.artoftesting.test.SearchFlightsTest" name="verifyFlightNumberDislayedInSearchResults" time="8.522"/>
</testsuite> <!-- com.artoftesting.test.SearchFlightsTest -->
